<?xml version="1.0" encoding="UTF-8"?>
<testsuite name="com.runcible.logicengine.EvaluatorTest" tests="10" skipped="0" failures="0" errors="0" timestamp="2026-03-14T13:40:41.003Z" hostname="SPOON" time="0.002">
  <properties/>
  <testcase name="testAndNotConst" classname="com.runcible.logicengine.EvaluatorTest" time="0.0"/>
  <testcase name="testOrLogic" classname="com.runcible.logicengine.EvaluatorTest" time="0.0"/>
  <testcase name="testNot" classname="com.runcible.logicengine.EvaluatorTest" time="0.0"/>
  <testcase name="testOrShortCut" classname="com.runcible.logicengine.EvaluatorTest" time="0.0"/>
  <testcase name="testNotAlreadyEvaluated" classname="com.runcible.logicengine.EvaluatorTest" time="0.001"/>
  <testcase name="testAndLogic" classname="com.runcible.logicengine.EvaluatorTest" time="0.0"/>
  <testcase name="testNotNotConstant" classname="com.runcible.logicengine.EvaluatorTest" time="0.0"/>
  <testcase name="testAndShortCut" classname="com.runcible.logicengine.EvaluatorTest" time="0.0"/>
  <testcase name="testOrNotConst" classname="com.runcible.logicengine.EvaluatorTest" time="0.0"/>
  <testcase name="testSubExpr" classname="com.runcible.logicengine.EvaluatorTest" time="0.001"/>
  <system-out><![CDATA[]]></system-out>
  <system-err><![CDATA[]]></system-err>
</testsuite>
