<?xml version="1.0" encoding="UTF-8"?>
<testsuite name="com.runcible.logicengine.des.DESTest" tests="2" skipped="0" failures="0" errors="0" timestamp="2026-03-14T13:40:41.007Z" hostname="SPOON" time="1.661">
  <properties/>
  <testcase name="testDES" classname="com.runcible.logicengine.des.DESTest" time="0.029"/>
  <testcase name="testReduce" classname="com.runcible.logicengine.des.DESTest" time="1.632"/>
  <system-out><![CDATA[Completed expression 0
Completed expression 1
Completed expression 2
Completed expression 3
Completed expression 4
Completed expression 5
Completed expression 6
Completed expression 7
Completed expression 8
Completed expression 9
Completed expression 10
Completed expression 11
Completed expression 12
Completed expression 13
Completed expression 14
Completed expression 15
Completed expression 16
Completed expression 17
Completed expression 18
Completed expression 19
Completed expression 20
Completed expression 21
Completed expression 22
Completed expression 23
Completed expression 24
Completed expression 25
Completed expression 26
Completed expression 27
Completed expression 28
Completed expression 29
Completed expression 30
Completed expression 31
Completed expression 32
Completed expression 33
Completed expression 34
Completed expression 35
Completed expression 36
Completed expression 37
Completed expression 38
Completed expression 39
Completed expression 40
Completed expression 41
Completed expression 42
Completed expression 43
Completed expression 44
Completed expression 45
Completed expression 46
Completed expression 47
Completed expression 48
Completed expression 49
Completed expression 50
Completed expression 51
Completed expression 52
Completed expression 53
Completed expression 54
Completed expression 55
Completed expression 56
Completed expression 57
Completed expression 58
Completed expression 59
Completed expression 60
Completed expression 61
Completed expression 62
Completed expression 63
Running Evaluator...
Completed expression 0
Completed expression 1
Completed expression 2
Completed expression 3
Completed expression 4
Completed expression 5
Completed expression 6
Completed expression 7
Completed expression 8
Completed expression 9
Completed expression 10
Completed expression 11
Completed expression 12
Completed expression 13
Completed expression 14
Completed expression 15
Completed expression 16
Completed expression 17
Completed expression 18
Completed expression 19
Completed expression 20
Completed expression 21
Completed expression 22
Completed expression 23
Completed expression 24
Completed expression 25
Completed expression 26
Completed expression 27
Completed expression 28
Completed expression 29
Completed expression 30
Completed expression 31
Completed expression 32
Completed expression 33
Completed expression 34
Completed expression 35
Completed expression 36
Completed expression 37
Completed expression 38
Completed expression 39
Completed expression 40
Completed expression 41
Completed expression 42
Completed expression 43
Completed expression 44
Completed expression 45
Completed expression 46
Completed expression 47
Completed expression 48
Completed expression 49
Completed expression 50
Completed expression 51
Completed expression 52
Completed expression 53
Completed expression 54
Completed expression 55
Completed expression 56
Completed expression 57
Completed expression 58
Completed expression 59
Completed expression 60
Completed expression 61
Completed expression 62
Completed expression 63
Evaulator stats:
visited=3938264
evaluated to const=224
Max expression depth=45

Running Reducer...
Doing Demorgans merge
Doing Demorgans merge
Doing Demorgans merge
Doing Demorgans merge
Doing Demorgans merge
Doing Demorgans merge
Doing Demorgans merge
Doing Demorgans merge
Doing Demorgans merge
Doing Demorgans merge
Doing Demorgans merge
Doing Demorgans merge
Doing Demorgans merge
Doing Demorgans merge
Doing Demorgans merge
Doing Demorgans merge
Doing Demorgans merge
Doing Demorgans merge
Doing Demorgans merge
Doing Demorgans merge
Doing Demorgans merge
Doing Demorgans merge
Doing Demorgans merge
Doing Demorgans merge
Doing Demorgans merge
Doing Demorgans merge
Doing Demorgans merge
Doing Demorgans merge
Doing Demorgans merge
Doing Demorgans merge
Doing Demorgans merge
Doing Demorgans merge
Doing Demorgans merge
Doing Demorgans merge
Doing Demorgans merge
Doing Demorgans merge
Doing Demorgans merge
Doing Demorgans merge
Doing Demorgans merge
Doing Demorgans merge
Doing Demorgans merge
Doing Demorgans merge
Doing Demorgans merge
Doing Demorgans merge
Doing Demorgans merge
Doing Demorgans merge
Doing Demorgans merge
Doing Demorgans merge
Doing Demorgans merge
Doing Demorgans merge
Doing Demorgans merge
Doing Demorgans merge
Doing Demorgans merge
Doing Demorgans merge
Doing Demorgans merge
Doing Demorgans merge
Doing Demorgans merge
Doing Demorgans merge
Doing Demorgans merge
Doing Demorgans merge
Doing Demorgans merge
Doing Demorgans merge
Doing Demorgans merge
Doing Demorgans merge
Doing Demorgans merge
Doing Demorgans merge
Doing Demorgans merge
Doing Demorgans merge
Doing Demorgans merge
Doing Demorgans merge
Doing Demorgans merge
Doing Demorgans merge
Doing Demorgans merge
Doing Demorgans merge
Doing Demorgans merge
Doing Demorgans merge
Doing Demorgans merge
Doing Demorgans merge
Doing Demorgans merge
Doing Demorgans merge
Doing Demorgans merge
Doing Demorgans merge
Doing Demorgans merge
Doing Demorgans merge
Doing Demorgans merge
Doing Demorgans merge
Doing Demorgans merge
Doing Demorgans merge
Doing Demorgans merge
Doing Demorgans merge
Doing Demorgans merge
Doing Demorgans merge
Doing Demorgans merge
Doing Demorgans merge
Doing Demorgans merge
Doing Demorgans merge
Doing Demorgans merge
Doing Demorgans merge
Doing Demorgans merge
Doing Demorgans merge
Doing Demorgans merge
Doing Demorgans merge
Doing Demorgans merge
Doing Demorgans merge
Doing Demorgans merge
Doing Demorgans merge
Doing Demorgans merge
Doing Demorgans merge
Doing Demorgans merge
Doing Demorgans merge
Doing Demorgans merge
Doing Demorgans merge
Doing Demorgans merge
Doing Demorgans merge
Doing Demorgans merge
Doing Demorgans merge
Doing Demorgans merge
Doing Demorgans merge
Doing Demorgans merge
Doing Demorgans merge
Doing Demorgans merge
Doing Demorgans merge
Doing Demorgans merge
Doing Demorgans merge
Doing Demorgans merge
Doing Demorgans merge
Doing Demorgans merge
Doing Demorgans merge
Doing Demorgans merge
Doing Demorgans merge
Doing Demorgans merge
Doing Demorgans merge
Doing Demorgans merge
Doing Demorgans merge
Doing Demorgans merge
Doing Demorgans merge
Doing Demorgans merge
Doing Demorgans merge
Doing Demorgans merge
Doing Demorgans merge
Doing Demorgans merge
Doing Demorgans merge
Doing Demorgans merge
Doing Demorgans merge
Doing Demorgans merge
Doing Demorgans merge
Doing Demorgans merge
Doing Demorgans merge
Doing Demorgans merge
Doing Demorgans merge
Doing Demorgans merge
Doing Demorgans merge
Doing Demorgans merge
Doing Demorgans merge
Doing Demorgans merge
Doing Demorgans merge
Doing Demorgans merge
Doing Demorgans merge
Doing Demorgans merge
Doing Demorgans merge
Doing Demorgans merge
Doing Demorgans merge
Doing Demorgans merge
Doing Demorgans merge
Doing Demorgans merge
Doing Demorgans merge
Doing Demorgans merge
Doing Demorgans merge
Doing Demorgans merge
Doing Demorgans merge
Doing Demorgans merge
Doing Demorgans merge
Doing Demorgans merge
Doing Demorgans merge
Doing Demorgans merge
Doing Demorgans merge
Doing Demorgans merge
Doing Demorgans merge
Doing Demorgans merge
Doing Demorgans merge
Doing Demorgans merge
Doing Demorgans merge
Doing Demorgans merge
Doing Demorgans merge
Doing Demorgans merge
Doing Demorgans merge
Doing Demorgans merge
Doing Demorgans merge
Doing Demorgans merge
Doing Demorgans merge
Doing Demorgans merge
Doing Demorgans merge
Doing Demorgans merge
Doing Demorgans merge
Doing Demorgans merge
Doing Demorgans merge
Doing Demorgans merge
Doing Demorgans merge
Doing Demorgans merge
Doing Demorgans merge
Doing Demorgans merge
Doing Demorgans merge
Doing Demorgans merge
Doing Demorgans merge
Doing Demorgans merge
Doing Demorgans merge
Doing Demorgans merge
Doing Demorgans merge
Doing Demorgans merge
Doing Demorgans merge
Doing Demorgans merge
Doing Demorgans merge
Doing Demorgans merge
Doing Demorgans merge
Doing Demorgans merge
Doing Demorgans merge
Doing Demorgans merge
Doing Demorgans merge
Doing Demorgans merge
Doing Demorgans merge
Doing Demorgans merge
Doing Demorgans merge
Doing Demorgans merge
Doing Demorgans merge
Doing Demorgans merge
Doing Demorgans merge
Doing Demorgans merge
Doing Demorgans merge
Doing Demorgans merge
Doing Demorgans merge
Doing Demorgans merge
Doing Demorgans merge
Doing Demorgans merge
Doing Demorgans merge
Doing Demorgans merge
Doing Demorgans merge
Doing Demorgans merge
Doing Demorgans merge
Doing Demorgans merge
Doing Demorgans merge
Doing Demorgans merge
Doing Demorgans merge
Doing Demorgans merge
Doing Demorgans merge
Doing Demorgans merge
Doing Demorgans merge
Doing Demorgans merge
Doing Demorgans merge
Doing Demorgans merge
Doing Demorgans merge
Doing Demorgans merge
Doing Demorgans merge
Doing Demorgans merge
Doing Demorgans merge
Doing Demorgans merge
Doing Demorgans merge
Doing Demorgans merge
Doing Demorgans merge
Doing Demorgans merge
Doing Demorgans merge
Doing Demorgans merge
Doing Demorgans merge
Doing Demorgans merge
Doing Demorgans merge
Doing Demorgans merge
Doing Demorgans merge
Doing Demorgans merge
Doing Demorgans merge
Doing Demorgans merge
Doing Demorgans merge
Doing Demorgans merge
Doing Demorgans merge
Doing Demorgans merge
Doing Demorgans merge
Doing Demorgans merge
Doing Demorgans merge
Doing Demorgans merge
Doing Demorgans merge
Doing Demorgans merge
Doing Demorgans merge
Doing Demorgans merge
Doing Demorgans merge
Doing Demorgans merge
Doing Demorgans merge
Doing Demorgans merge
Doing Demorgans merge
Doing Demorgans merge
Doing Demorgans merge
Doing Demorgans merge
Doing Demorgans merge
Doing Demorgans merge
Doing Demorgans merge
Doing Demorgans merge
Doing Demorgans merge
Doing Demorgans merge
Doing Demorgans merge
Doing Demorgans merge
Doing Demorgans merge
Doing Demorgans merge
Doing Demorgans merge
Doing Demorgans merge
Doing Demorgans merge
Doing Demorgans merge
Doing Demorgans merge
Doing Demorgans merge
Doing Demorgans merge
Doing Demorgans merge
Doing Demorgans merge
Doing Demorgans merge
Doing Demorgans merge
Doing Demorgans merge
Doing Demorgans merge
Doing Demorgans merge
Doing Demorgans merge
Doing Demorgans merge
Doing Demorgans merge
Doing Demorgans merge
Doing Demorgans merge
Doing Demorgans merge
Doing Demorgans merge
Doing Demorgans merge
Doing Demorgans merge
Doing Demorgans merge
Doing Demorgans merge
Doing Demorgans merge
Doing Demorgans merge
Doing Demorgans merge
Doing Demorgans merge
Doing Demorgans merge
Doing Demorgans merge
Doing Demorgans merge
Doing Demorgans merge
Doing Demorgans merge
Doing Demorgans merge
Doing Demorgans merge
Doing Demorgans merge
Doing Demorgans merge
Doing Demorgans merge
Doing Demorgans merge
Doing Demorgans merge
Doing Demorgans merge
Doing Demorgans merge
Doing Demorgans merge
Doing Demorgans merge
Doing Demorgans merge
Doing Demorgans merge
Doing Demorgans merge
Doing Demorgans merge
Doing Demorgans merge
Doing Demorgans merge
Doing Demorgans merge
Doing Demorgans merge
Doing Demorgans merge
Doing Demorgans merge
Doing Demorgans merge
Doing Demorgans merge
Doing Demorgans merge
Doing Demorgans merge
Doing Demorgans merge
Doing Demorgans merge
Doing Demorgans merge
Doing Demorgans merge
Doing Demorgans merge
Doing Demorgans merge
Doing Demorgans merge
Doing Demorgans merge
Doing Demorgans merge
Doing Demorgans merge
Doing Demorgans merge
Doing Demorgans merge
Doing Demorgans merge
Doing Demorgans merge
Doing Demorgans merge
Doing Demorgans merge
Doing Demorgans merge
Doing Demorgans merge
Doing Demorgans merge
Doing Demorgans merge
Doing Demorgans merge
Doing Demorgans merge
Doing Demorgans merge
Doing Demorgans merge
Doing Demorgans merge
Doing Demorgans merge
Doing Demorgans merge
Doing Demorgans merge
Doing Demorgans merge
Doing Demorgans merge
Doing Demorgans merge
Doing Demorgans merge
Doing Demorgans merge
Doing Demorgans merge
Doing Demorgans merge
Doing Demorgans merge
Doing Demorgans merge
Doing Demorgans merge
Doing Demorgans merge
Doing Demorgans merge
Doing Demorgans merge
Doing Demorgans merge
Doing Demorgans merge
Doing Demorgans merge
Doing Demorgans merge
Doing Demorgans merge
Doing Demorgans merge
Doing Demorgans merge
Doing Demorgans merge
Doing Demorgans merge
Doing Demorgans merge
Doing Demorgans merge
Doing Demorgans merge
Doing Demorgans merge
Doing Demorgans merge
Doing Demorgans merge
Doing Demorgans merge
Doing Demorgans merge
Doing Demorgans merge
Doing Demorgans merge
Doing Demorgans merge
Doing Demorgans merge
Doing Demorgans merge
Doing Demorgans merge
Doing Demorgans merge
Doing Demorgans merge
Doing Demorgans merge
Doing Demorgans merge
Doing Demorgans merge
Doing Demorgans merge
Doing Demorgans merge
Doing Demorgans merge
Doing Demorgans merge
Doing Demorgans merge
Doing Demorgans merge
Doing Demorgans merge
Doing Demorgans merge
Doing Demorgans merge
Doing Demorgans merge
Doing Demorgans merge
Doing Demorgans merge
Doing Demorgans merge
Doing Demorgans merge
Doing Demorgans merge
Doing Demorgans merge
Doing Demorgans merge
Doing Demorgans merge
Doing Demorgans merge
Doing Demorgans merge
Doing Demorgans merge
Doing Demorgans merge
Doing Demorgans merge
Doing Demorgans merge
Doing Demorgans merge
Doing Demorgans merge
Doing Demorgans merge
Doing Demorgans merge
Doing Demorgans merge
Doing Demorgans merge
Doing Demorgans merge
Doing Demorgans merge
Doing Demorgans merge
Doing Demorgans merge
Doing Demorgans merge
Doing Demorgans merge
Doing Demorgans merge
Doing Demorgans merge
Doing Demorgans merge
Doing Demorgans merge
Doing Demorgans merge
Doing Demorgans merge
Doing Demorgans merge
Doing Demorgans merge
Doing Demorgans merge
Doing Demorgans merge
Doing Demorgans merge
Doing Demorgans merge
Doing Demorgans merge
Doing Demorgans merge
Doing Demorgans merge
Doing Demorgans merge
Doing Demorgans merge
Doing Demorgans merge
Doing Demorgans merge
Doing Demorgans merge
Doing Demorgans merge
Doing Demorgans merge
Doing Demorgans merge
Doing Demorgans merge
Doing Demorgans merge
Doing Demorgans merge
Doing Demorgans merge
Doing Demorgans merge
Doing Demorgans merge
Doing Demorgans merge
Doing Demorgans merge
Doing Demorgans merge
Doing Demorgans merge
Doing Demorgans merge
Doing Demorgans merge
Doing Demorgans merge
Doing Demorgans merge
Doing Demorgans merge
Doing Demorgans merge
Doing Demorgans merge
Doing Demorgans merge
Doing Demorgans merge
Doing Demorgans merge
Doing Demorgans merge
Doing Demorgans merge
Doing Demorgans merge
Doing Demorgans merge
Doing Demorgans merge
Doing Demorgans merge
Doing Demorgans merge
Doing Demorgans merge
Doing Demorgans merge
Doing Demorgans merge
Doing Demorgans merge
Doing Demorgans merge
Doing Demorgans merge
Doing Demorgans merge
Doing Demorgans merge
Doing Demorgans merge
Doing Demorgans merge
Doing Demorgans merge
Doing Demorgans merge
Doing Demorgans merge
Doing Demorgans merge
Doing Demorgans merge
Doing Demorgans merge
Doing Demorgans merge
Doing Demorgans merge
Doing Demorgans merge
Doing Demorgans merge
Doing Demorgans merge
Doing Demorgans merge
Doing Demorgans merge
Doing Demorgans merge
Doing Demorgans merge
Doing Demorgans merge
Doing Demorgans merge
Doing Demorgans merge
Doing Demorgans merge
Doing Demorgans merge
Doing Demorgans merge
Doing Demorgans merge
Doing Demorgans merge
Doing Demorgans merge
Doing Demorgans merge
Doing Demorgans merge
Doing Demorgans merge
Doing Demorgans merge
Doing Demorgans merge
Doing Demorgans merge
Doing Demorgans merge
Doing Demorgans merge
Doing Demorgans merge
Doing Demorgans merge
Doing Demorgans merge
Doing Demorgans merge
Doing Demorgans merge
Doing Demorgans merge
Doing Demorgans merge
Doing Demorgans merge
Doing Demorgans merge
Doing Demorgans merge
Doing Demorgans merge
Doing Demorgans merge
Doing Demorgans merge
Doing Demorgans merge
Doing Demorgans merge
Doing Demorgans merge
Doing Demorgans merge
Doing Demorgans merge
Doing Demorgans merge
Doing Demorgans merge
Doing Demorgans merge
Doing Demorgans merge
Doing Demorgans merge
Doing Demorgans merge
Doing Demorgans merge
Doing Demorgans merge
Doing Demorgans merge
Doing Demorgans merge
Doing Demorgans merge
Doing Demorgans merge
Doing Demorgans merge
Doing Demorgans merge
Doing Demorgans merge
Doing Demorgans merge
Doing Demorgans merge
Doing Demorgans merge
Doing Demorgans merge
Doing Demorgans merge
Doing Demorgans merge
Doing Demorgans merge
Doing Demorgans merge
Doing Demorgans merge
Doing Demorgans merge
Doing Demorgans merge
Doing Demorgans merge
Doing Demorgans merge
Doing Demorgans merge
Doing Demorgans merge
Doing Demorgans merge
Doing Demorgans merge
Doing Demorgans merge
Doing Demorgans merge
Doing Demorgans merge
Doing Demorgans merge
Doing Demorgans merge
Doing Demorgans merge
Doing Demorgans merge
Doing Demorgans merge
Doing Demorgans merge
Doing Demorgans merge
Doing Demorgans merge
Doing Demorgans merge
Doing Demorgans merge
Doing Demorgans merge
Doing Demorgans merge
Doing Demorgans merge
Doing Demorgans merge
Doing Demorgans merge
Doing Demorgans merge
Doing Demorgans merge
Doing Demorgans merge
Doing Demorgans merge
Doing Demorgans merge
Doing Demorgans merge
Doing Demorgans merge
Doing Demorgans merge
Doing Demorgans merge
Doing Demorgans merge
Doing Demorgans merge
Doing Demorgans merge
Doing Demorgans merge
Doing Demorgans merge
Doing Demorgans merge
Doing Demorgans merge
Doing Demorgans merge
Doing Demorgans merge
Doing Demorgans merge
Doing Demorgans merge
Doing Demorgans merge
Doing Demorgans merge
Doing Demorgans merge
Doing Demorgans merge
Doing Demorgans merge
Doing Demorgans merge
Doing Demorgans merge
Doing Demorgans merge
Doing Demorgans merge
Doing Demorgans merge
Doing Demorgans merge
Doing Demorgans merge
Doing Demorgans merge
Doing Demorgans merge
Doing Demorgans merge
Doing Demorgans merge
Doing Demorgans merge
Doing Demorgans merge
Doing Demorgans merge
Doing Demorgans merge
Doing Demorgans merge
Doing Demorgans merge
Doing Demorgans merge
Doing Demorgans merge
Doing Demorgans merge
Doing Demorgans merge
Doing Demorgans merge
Doing Demorgans merge
Doing Demorgans merge
Doing Demorgans merge
Doing Demorgans merge
Doing Demorgans merge
Doing Demorgans merge
Doing Demorgans merge
Doing Demorgans merge
Doing Demorgans merge
Doing Demorgans merge
Doing Demorgans merge
Doing Demorgans merge
Doing Demorgans merge
Doing Demorgans merge
Doing Demorgans merge
Doing Demorgans merge
Doing Demorgans merge
Doing Demorgans merge
Doing Demorgans merge
Doing Demorgans merge
Doing Demorgans merge
Doing Demorgans merge
Doing Demorgans merge
Doing Demorgans merge
Doing Demorgans merge
Doing Demorgans merge
Doing Demorgans merge
Doing Demorgans merge
Doing Demorgans merge
Doing Demorgans merge
Doing Demorgans merge
Doing Demorgans merge
Doing Demorgans merge
Doing Demorgans merge
Doing Demorgans merge
Doing Demorgans merge
Doing Demorgans merge
Doing Demorgans merge
Doing Demorgans merge
Doing Demorgans merge
Doing Demorgans merge
Doing Demorgans merge
Doing Demorgans merge
Doing Demorgans merge
Doing Demorgans merge
Doing Demorgans merge
Doing Demorgans merge
Doing Demorgans merge
Doing Demorgans merge
Doing Demorgans merge
Doing Demorgans merge
Doing Demorgans merge
Doing Demorgans merge
Doing Demorgans merge
Doing Demorgans merge
Doing Demorgans merge
Doing Demorgans merge
Doing Demorgans merge
Doing Demorgans merge
Doing Demorgans merge
Doing Demorgans merge
Doing Demorgans merge
Doing Demorgans merge
Doing Demorgans merge
Doing Demorgans merge
Doing Demorgans merge
Doing Demorgans merge
Doing Demorgans merge
Doing Demorgans merge
Doing Demorgans merge
Doing Demorgans merge
Doing Demorgans merge
Doing Demorgans merge
Doing Demorgans merge
Doing Demorgans merge
Doing Demorgans merge
Doing Demorgans merge
Doing Demorgans merge
Doing Demorgans merge
Doing Demorgans merge
Doing Demorgans merge
Doing Demorgans merge
Doing Demorgans merge
Doing Demorgans merge
Doing Demorgans merge
Doing Demorgans merge
Doing Demorgans merge
Doing Demorgans merge
Doing Demorgans merge
Doing Demorgans merge
Doing Demorgans merge
Doing Demorgans merge
Doing Demorgans merge
Doing Demorgans merge
Doing Demorgans merge
Doing Demorgans merge
Doing Demorgans merge
Doing Demorgans merge
Doing Demorgans merge
Doing Demorgans merge
Doing Demorgans merge
Doing Demorgans merge
Doing Demorgans merge
Doing Demorgans merge
Doing Demorgans merge
Doing Demorgans merge
Doing Demorgans merge
Doing Demorgans merge
Doing Demorgans merge
Doing Demorgans merge
Doing Demorgans merge
Doing Demorgans merge
Doing Demorgans merge
Doing Demorgans merge
Doing Demorgans merge
Doing Demorgans merge
Doing Demorgans merge
Doing Demorgans merge
Doing Demorgans merge
Doing Demorgans merge
Doing Demorgans merge
Doing Demorgans merge
Doing Demorgans merge
Doing Demorgans merge
Doing Demorgans merge
Doing Demorgans merge
Doing Demorgans merge
Doing Demorgans merge
Doing Demorgans merge
Doing Demorgans merge
Doing Demorgans merge
Doing Demorgans merge
Doing Demorgans merge
Doing Demorgans merge
Doing Demorgans merge
Doing Demorgans merge
Doing Demorgans merge
Doing Demorgans merge
Doing Demorgans merge
Doing Demorgans merge
Doing Demorgans merge
Doing Demorgans merge
Doing Demorgans merge
Completed expression 0
Doing Demorgans merge
Doing Demorgans merge
Doing Demorgans merge
Doing Demorgans merge
Doing Demorgans merge
Doing Demorgans merge
Doing Demorgans merge
Doing Demorgans merge
Doing Demorgans merge
Doing Demorgans merge
Doing Demorgans merge
Doing Demorgans merge
Doing Demorgans merge
Doing Demorgans merge
Doing Demorgans merge
Doing Demorgans merge
Doing Demorgans merge
Doing Demorgans merge
Doing Demorgans merge
Doing Demorgans merge
Doing Demorgans merge
Doing Demorgans merge
Doing Demorgans merge
Doing Demorgans merge
Doing Demorgans merge
Doing Demorgans merge
Doing Demorgans merge
Doing Demorgans merge
Doing Demorgans merge
Doing Demorgans merge
Doing Demorgans merge
Doing Demorgans merge
Doing Demorgans merge
Doing Demorgans merge
Doing Demorgans merge
Doing Demorgans merge
Doing Demorgans merge
Doing Demorgans merge
Doing Demorgans merge
Doing Demorgans merge
Doing Demorgans merge
Doing Demorgans merge
Doing Demorgans merge
Doing Demorgans merge
Doing Demorgans merge
Doing Demorgans merge
Doing Demorgans merge
Doing Demorgans merge
Doing Demorgans merge
Doing Demorgans merge
Doing Demorgans merge
Doing Demorgans merge
Doing Demorgans merge
Doing Demorgans merge
Doing Demorgans merge
Doing Demorgans merge
Doing Demorgans merge
Doing Demorgans merge
Doing Demorgans merge
Doing Demorgans merge
Doing Demorgans merge
Doing Demorgans merge
Doing Demorgans merge
Doing Demorgans merge
Doing Demorgans merge
Doing Demorgans merge
Doing Demorgans merge
Doing Demorgans merge
Doing Demorgans merge
Doing Demorgans merge
Doing Demorgans merge
Doing Demorgans merge
Doing Demorgans merge
Doing Demorgans merge
Doing Demorgans merge
Doing Demorgans merge
Doing Demorgans merge
Doing Demorgans merge
Doing Demorgans merge
Doing Demorgans merge
Doing Demorgans merge
Doing Demorgans merge
Doing Demorgans merge
Doing Demorgans merge
Doing Demorgans merge
Doing Demorgans merge
Doing Demorgans merge
Doing Demorgans merge
Doing Demorgans merge
Completed expression 1
Completed expression 2
Doing Demorgans merge
Doing Demorgans merge
Doing Demorgans merge
Doing Demorgans merge
Doing Demorgans merge
Doing Demorgans merge
Doing Demorgans merge
Doing Demorgans merge
Doing Demorgans merge
Doing Demorgans merge
Doing Demorgans merge
Doing Demorgans merge
Doing Demorgans merge
Doing Demorgans merge
Doing Demorgans merge
Doing Demorgans merge
Doing Demorgans merge
Doing Demorgans merge
Doing Demorgans merge
Doing Demorgans merge
Completed expression 3
Doing Demorgans merge
Completed expression 4
Doing Demorgans merge
Completed expression 5
Doing Demorgans merge
Completed expression 6
Doing Demorgans merge
Doing Demorgans merge
Doing Demorgans merge
Doing Demorgans merge
Doing Demorgans merge
Doing Demorgans merge
Doing Demorgans merge
Doing Demorgans merge
Doing Demorgans merge
Doing Demorgans merge
Doing Demorgans merge
Doing Demorgans merge
Completed expression 7
Doing Demorgans merge
Completed expression 8
Doing Demorgans merge
Completed expression 9
Doing Demorgans merge
Completed expression 10
Doing Demorgans merge
Doing Demorgans merge
Doing Demorgans merge
Doing Demorgans merge
Doing Demorgans merge
Doing Demorgans merge
Doing Demorgans merge
Doing Demorgans merge
Doing Demorgans merge
Doing Demorgans merge
Completed expression 11
Doing Demorgans merge
Completed expression 12
Doing Demorgans merge
Doing Demorgans merge
Doing Demorgans merge
Doing Demorgans merge
Doing Demorgans merge
Doing Demorgans merge
Doing Demorgans merge
Doing Demorgans merge
Doing Demorgans merge
Doing Demorgans merge
Doing Demorgans merge
Completed expression 13
Completed expression 14
Doing Demorgans merge
Completed expression 15
Doing Demorgans merge
Completed expression 16
Doing Demorgans merge
Completed expression 17
Doing Demorgans merge
Completed expression 18
Doing Demorgans merge
Completed expression 19
Doing Demorgans merge
Completed expression 20
Doing Demorgans merge
Completed expression 21
Completed expression 22
Doing Demorgans merge
Completed expression 23
Completed expression 24
Doing Demorgans merge
Completed expression 25
Completed expression 26
Doing Demorgans merge
Doing Demorgans merge
Doing Demorgans merge
Doing Demorgans merge
Doing Demorgans merge
Doing Demorgans merge
Doing Demorgans merge
Completed expression 27
Completed expression 28
Doing Demorgans merge
Completed expression 29
Completed expression 30
Doing Demorgans merge
Doing Demorgans merge
Doing Demorgans merge
Doing Demorgans merge
Doing Demorgans merge
Doing Demorgans merge
Doing Demorgans merge
Completed expression 31
Completed expression 32
Doing Demorgans merge
Completed expression 33
Completed expression 34
Doing Demorgans merge
Completed expression 35
Completed expression 36
Doing Demorgans merge
Doing Demorgans merge
Doing Demorgans merge
Doing Demorgans merge
Doing Demorgans merge
Doing Demorgans merge
Doing Demorgans merge
Completed expression 37
Completed expression 38
Doing Demorgans merge
Completed expression 39
Completed expression 40
Doing Demorgans merge
Completed expression 41
Completed expression 42
Doing Demorgans merge
Completed expression 43
Completed expression 44
Doing Demorgans merge
Completed expression 45
Completed expression 46
Doing Demorgans merge
Completed expression 47
Completed expression 48
Doing Demorgans merge
Completed expression 49
Completed expression 50
Doing Demorgans merge
Completed expression 51
Completed expression 52
Doing Demorgans merge
Completed expression 53
Completed expression 54
Doing Demorgans merge
Completed expression 55
Completed expression 56
Doing Demorgans merge
Completed expression 57
Completed expression 58
Doing Demorgans merge
Completed expression 59
Completed expression 60
Doing Demorgans merge
Completed expression 61
Completed expression 62
Doing Demorgans merge
Completed expression 63
Nodes visited=3974839
Reduced=49612
Constant nots=112
Not nots removed=1483
Sub expressions merged=46673
Single sub expressions merged=224
Constant expressions=0
Duplicates removed=0
Paradoxes=0
Tautologies=0
DeMorgans=1008
Max expression depth=76
AND(OR(AND(OR(AND(OR(AND(OR(NOT(k32),NOT(OR(AND(NOT(AND(OR(NOT(OR(AND(NOT(AND(OR(AND(OR(AND(OR(NOT(OR(AND(OR(NOT(k42),NOT(OR(NOT(OR(AND(OR(NOT(k58),NOT(OR(AND(OR(NOT(k38),NOT(OR(NOT(OR(AND(OR(AND(OR(AND(OR(NOT(k14),NOT(OR(AND(NOT(k43),k25,k24,NOT(k2),NOT(k34),NOT(k57)),AND(k43,k2,NOT(k34),NOT(k24),NOT(k25),k57),AND(k34,k43,k57,NOT(k24),NOT(k25),NOT(k2)),AND(k43,k25,k2,k57,k24,k34),AND(NOT(k43),k25,NOT(k2),k57,k24,NOT(k34)),AND(NOT(k43),k24,k2,k34,k57,NOT(k25)),AND(k57,NOT(k43),k25,k2,NOT(k24),k34),AND(NOT(k43),k24,k34,k2,NOT(k57),NOT(k25)),AND(k57,k43,NOT(k2),k34,k25,NOT(k24)),AND(NOT(k2),NOT(k43),k34,NOT(k24),NOT(k57),NOT(k25)),AND(k24,k43,k2,NOT(k34),NOT(k57),NOT(k25)),AND(NOT(k2),k43,NOT(k34),NOT(k24),NOT(k57),NOT(k25)),AND(k43,k24,k57,NOT(k34),NOT(k25),NOT(k2)),AND(k57,k43,k2,k24,NOT(k25),k34),AND(NOT(k43),NOT(k2),NOT(k34),NOT(k24),NOT(k57),k25),AND(NOT(k2),k25,NOT(k43),k34,NOT(k24),k57),AND(k43,NOT(k2),k57,k25,NOT(k34),NOT(k24)),AND(k24,NOT(k2),NOT(k34),NOT(k57),k43,NOT(k25)),AND(k24,NOT(k43),k25,k34,k2,NOT(k57)),AND(k25,NOT(k43),NOT(k24),NOT(k2),k34,NOT(k57)),AND(NOT(k43),k2,NOT(k34),NOT(k24),NOT(k57),NOT(k25)),AND(k24,NOT(k2),k34,k25,NOT(k57),k43),AND(NOT(k43),k2,NOT(k34),NOT(k24),k25,k57),AND(NOT(k43),NOT(k2),k24,NOT(k34),NOT(k57),NOT(k25)),AND(k24,NOT(k43),k2,NOT(k34),NOT(k57),k25),AND(k24,NOT(k43),k57,k2,NOT(k34),NOT(k25)),AND(k25,k57,NOT(k2),k43,k34,k24),AND(k57,NOT(k43),NOT(k34),NOT(k24),NOT(k2),NOT(k25)),AND(k43,k2,NOT(k24),NOT(k57),k34,NOT(k25)),AND(k43,k2,NOT(k34),NOT(k24),NOT(k57),k25),AND(k43,k25,k24,k2,NOT(k34),k57),AND(k34,k43,k25,k2,NOT(k24),NOT(k57))))),OR(AND(k62,k37,k19,k60,k14,k20),AND(NOT(k37),k62,k19,NOT(k60),k20,k14),AND(NOT(k37),NOT(k62),k60,k19,k14,NOT(k20)),AND(NOT(k37),k19,NOT(k60),NOT(k62),NOT(k14),NOT(k20)),AND(NOT(k37),k62,NOT(k60),NOT(k19),k14,NOT(k20)),AND(NOT(k62),NOT(k37),k20,NOT(k60),k14,NOT(k19)),AND(k60,NOT(k14),NOT(k62),NOT(k19),NOT(k20),k37),AND(NOT(k37),k62,NOT(k19),NOT(k14),NOT(k20),k60),AND(NOT(k19),NOT(k37),k62,k20,NOT(k60),k14),AND(k37,NOT(k62),NOT(k19),k60,k14,k20),AND(NOT(k19),k62,k37,k60,k14,NOT(k20)),AND(NOT(k37),k62,k19,NOT(k60),NOT(k14),NOT(k20)),AND(k62,NOT(k14),k20,NOT(k60),NOT(k19),k37),AND(k20,NOT(k37),NOT(k62),k60,NOT(k19),NOT(k14)),AND(k60,k37,NOT(k62),k19,k14,NOT(k20)),AND(k62,k19,NOT(k60),k37,k14,NOT(k20)),AND(NOT(k14),k20,k62,k37,k19,k60),AND(NOT(k37),k62,k19,k60,k20,k14),AND(NOT(k14),NOT(k19),k62,NOT(k60),k37,NOT(k20)),AND(k19,NOT(k60),k20,NOT(k62),k14,k37),AND(NOT(k37),NOT(k62),NOT(k19),k14,k60,NOT(k20)),AND(k20,NOT(k19),NOT(k14),k62,k60,k37),AND(NOT(k14),NOT(k62),k19,k37,k60,NOT(k20)),AND(k60,NOT(k14),NOT(k37),k19,NOT(k20),NOT(k62)),AND(NOT(k19),NOT(k14),NOT(k37),k62,k20,NOT(k60)),AND(NOT(k62),k37,NOT(k19),NOT(k60),k14,NOT(k20)),k27,AND(k20,k37,NOT(k19),k62,k60,k14),AND(NOT(k19),k37,NOT(k14),NOT(k60),NOT(k62),NOT(k20)),AND(k60,NOT(k37),k62,k19,k14,NOT(k20)),AND(NOT(k14),k37,NOT(k62),k19,NOT(k60),k20),AND(NOT(k14),NOT(k37),k62,k20,k19,NOT(k60)),AND(NOT(k37),NOT(k62),k19,NOT(k60),k14,NOT(k20))),OR(NOT(OR(AND(NOT(k30),k44,NOT(k61),NOT(k13),k54,k12),AND(k30,k44,k13,NOT(k54),NOT(k61),NOT(k12)),AND(k44,k13,NOT(k61),NOT(k12),NOT(k30),k54),AND(NOT(k30),k61,k13,NOT(k44),k12,NOT(k54)),AND(NOT(k61),k44,NOT(k13),NOT(k12),NOT(k54),NOT(k30)),AND(k44,k13,NOT(k54),NOT(k30),NOT(k61),NOT(k12)),AND(k30,k44,k13,NOT(k61),NOT(k54),k12),AND(k61,k30,k44,NOT(k13),NOT(k12),k54),AND(NOT(k13),k12,k61,k30,k44,k54),AND(k30,k12,NOT(k54),NOT(k44),NOT(k61),NOT(k13)),AND(NOT(k44),k61,k30,NOT(k54),NOT(k12),NOT(k13)),AND(NOT(k61),k30,NOT(k12),NOT(k44),NOT(k13),k54),AND(NOT(k44),NOT(k54),k13,NOT(k30),NOT(k12),NOT(k61)),AND(k61,k30,k44,k13,NOT(k12),k54),AND(k61,NOT(k44),NOT(k12),NOT(k13),NOT(k54),NOT(k30)),AND(NOT(k44),k12,k61,k30,k13,k54),AND(NOT(k61),k30,k44,NOT(k13),k12,k54),AND(NOT(k44),NOT(k61),NOT(k13),NOT(k30),NOT(k54),k12),AND(k30,k44,k13,NOT(k61),NOT(k12),k54),AND(k61,k30,k13,NOT(k54),NOT(k44),NOT(k12)),AND(k61,k44,k13,NOT(k54),NOT(k30),NOT(k12)),AND(k61,k13,NOT(k44),NOT(k12),NOT(k30),k54),AND(k13,NOT(k30),k12,NOT(k61),NOT(k44),k54),AND(k61,NOT(k30),NOT(k13),NOT(k12),NOT(k44),k54),AND(k30,k13,NOT(k44),NOT(k61),k12,k54),AND(NOT(k13),k30,k12,NOT(k44),k54,NOT(k61)),AND(k61,k44,k13,NOT(k30),k12,k54),AND(NOT(k30),NOT(k12),NOT(k13),NOT(k61),NOT(k44),k54),AND(NOT(k13),k12,k61,k30,NOT(k54),NOT(k44)),AND(NOT(k54),k44,NOT(k13),k12,NOT(k30),NOT(k61)),AND(NOT(k54),k61,k30,k44,k13,k12),AND(k61,k44,NOT(k30),NOT(k13),k12,k54))),NOT(k21)),NOT(AND(OR(AND(NOT(k50),k59,k48,NOT(k33),k16,k9),AND(k50,NOT(k33),k48,k16,NOT(k59),k9),AND(NOT(k50),NOT(k9),NOT(k59),k33,k48,k16),AND(k50,NOT(k33),NOT(k59),NOT(k16),k48,NOT(k9)),AND(k50,NOT(k33),k59,k48,k16,k9),AND(k50,NOT(k9),k48,k16,NOT(k33),NOT(k59)),AND(k50,k33,k59,NOT(k9),NOT(k48),k16),AND(k33,k59,k48,NOT(k50),k16,k9),AND(k33,k48,NOT(k16),NOT(k59),NOT(k9),NOT(k50)),AND(NOT(k48),NOT(k50),NOT(k33),k59,k16,NOT(k9)),AND(k50,k33,k16,NOT(k59),k9,NOT(k48)),k44,AND(k33,k48,NOT(k50),k9,NOT(k59),NOT(k16)),AND(k33,k59,NOT(k48),k9,NOT(k50),NOT(k16)),AND(k50,k59,k48,k9,NOT(k33),NOT(k16)),AND(k48,k16,NOT(k59),NOT(k50),NOT(k33),NOT(k9)),AND(NOT(k48),NOT(k9),NOT(k50),k33,k59,NOT(k16)),AND(NOT(k48),NOT(k50),NOT(k16),k59,k9,NOT(k33)),AND(k50,NOT(k33),NOT(k59),NOT(k48),NOT(k9),k16),AND(k50,NOT(k16),NOT(k48),NOT(k33),k59,NOT(k9)),AND(k50,k33,k48,NOT(k16),k9,NOT(k59)),AND(k50,k59,NOT(k48),k16,k9,NOT(k33)),AND(k33,NOT(k9),NOT(k50),k16,NOT(k48),NOT(k59)),AND(NOT(k16),k33,k59,k48,NOT(k50),k9),AND(NOT(k33),NOT(k48),NOT(k50),k16,k9,NOT(k59)),AND(NOT(k9),k33,NOT(k48),NOT(k16),NOT(k50),NOT(k59)),AND(k50,NOT(k59),NOT(k48),NOT(k33),NOT(k9),NOT(k16)),AND(k50,k33,k59,NOT(k48),k16,k9),AND(k50,NOT(k59),NOT(k16),NOT(k48),NOT(k33),k9),AND(k50,NOT(k16),k33,k59,k48,NOT(k9)),AND(k50,NOT(k59),k33,k9,NOT(k16),NOT(k48)),AND(k50,k59,k48,NOT(k33),NOT(k9),k16),AND(NOT(k50),NOT(k59),NOT(k48),NOT(k33),NOT(k9),NOT(k16))),OR(NOT(OR(AND(NOT(k50),k59,k48,NOT(k33),k16,k9),AND(k50,NOT(k33),k48,k16,NOT(k59),k9),AND(NOT(k50),NOT(k9),NOT(k59),k33,k48,k16),AND(k50,NOT(k33),NOT(k59),NOT(k16),k48,NOT(k9)),AND(k50,NOT(k33),k59,k48,k16,k9),AND(k50,NOT(k9),k48,k16,NOT(k33),NOT(k59)),AND(k50,k33,k59,NOT(k9),NOT(k48),k16),AND(k33,k59,k48,NOT(k50),k16,k9),AND(k33,k48,NOT(k16),NOT(k59),NOT(k9),NOT(k50)),AND(NOT(k48),NOT(k50),NOT(k33),k59,k16,NOT(k9)),AND(k50,k33,k16,NOT(k59),k9,NOT(k48)),AND(k33,k48,NOT(k50),k9,NOT(k59),NOT(k16)),AND(k33,k59,NOT(k48),k9,NOT(k50),NOT(k16)),AND(k50,k59,k48,k9,NOT(k33),NOT(k16)),AND(k48,k16,NOT(k59),NOT(k50),NOT(k33),NOT(k9)),AND(NOT(k48),NOT(k9),NOT(k50),k33,k59,NOT(k16)),AND(NOT(k48),NOT(k50),NOT(k16),k59,k9,NOT(k33)),AND(k50,NOT(k33),NOT(k59),NOT(k48),NOT(k9),k16),AND(k50,NOT(k16),NOT(k48),NOT(k33),k59,NOT(k9)),AND(k50,k33,k48,NOT(k16),k9,NOT(k59)),AND(k50,k59,NOT(k48),k16,k9,NOT(k33)),AND(k33,NOT(k9),NOT(k50),k16,NOT(k48),NOT(k59)),AND(NOT(k16),k33,k59,k48,NOT(k50),k9),AND(NOT(k33),NOT(k48),NOT(k50),k16,k9,NOT(k59)),AND(NOT(k9),k33,NOT(k48),NOT(k16),NOT(k50),NOT(k59)),AND(k50,NOT(k59),NOT(k48),NOT(k33),NOT(k9),NOT(k16)),AND(k50,k33,k59,NOT(k48),k16,k9),AND(k50,NOT(k59),NOT(k16),NOT(k48),NOT(k33),k9),AND(k50,NOT(k16),k33,k59,k48,NOT(k9)),AND(k50,NOT(k59),k33,k9,NOT(k16),NOT(k48)),AND(k50,k59,k48,NOT(k33),NOT(k9),k16),AND(NOT(k50),NOT(k59),NOT(k48),NOT(k33),NOT(k9),NOT(k16)))),NOT(k44)))),OR(AND(NOT(k27),NOT(k36),k21,k38,k53,k3),AND(NOT(k36),NOT(k21),k38,k53,NOT(k3),k27),AND(NOT(k27),NOT(k21),k38,k53,k36,k3),AND(k21,k27,k38,NOT(k53),NOT(k3),k36),AND(NOT(k27),NOT(k21),k38,k53,NOT(k3),k36),AND(k21,NOT(k27),k53,NOT(k3),k36,NOT(k38)),AND(NOT(k27),NOT(k36),NOT(k21),k3,NOT(k38),NOT(k53)),AND(NOT(k27),NOT(k53),NOT(k21),NOT(k38),NOT(k3),k36),AND(k27,k21,NOT(k38),k53,NOT(k3),NOT(k36)),AND(NOT(k27),NOT(k53),NOT(k21),NOT(k38),NOT(k36),NOT(k3)),AND(NOT(k27),NOT(k38),k53,k3,k21,k36),AND(k27,NOT(k21),NOT(k36),k38,NOT(k53),k3),AND(k27,NOT(k21),NOT(k38),NOT(k53),NOT(k3),NOT(k36)),AND(k21,k27,k38,k53,k3,k36),AND(k27,k21,NOT(k53),NOT(k38),NOT(k3),NOT(k36)),AND(k27,k3,NOT(k21),k38,NOT(k36),k53),AND(k27,NOT(k38),NOT(k21),k53,NOT(k3),k36),AND(NOT(k27),k21,k38,k53,NOT(k3),k36),AND(NOT(k27),k21,NOT(k36),k38,NOT(k3),NOT(k53)),AND(k27,k38,NOT(k36),k21,k3,k53),AND(NOT(k27),k3,NOT(k21),k38,NOT(k53),k36),AND(k27,NOT(k36),NOT(k53),k38,k21,k3),AND(k3,NOT(k21),k27,NOT(k38),k53,k36),AND(k21,NOT(k53),k38,k3,k27,k36),AND(NOT(k27),NOT(k21),k38,NOT(k53),NOT(k3),NOT(k36)),AND(NOT(k53),NOT(k38),k21,k27,NOT(k3),k36),AND(k27,NOT(k21),NOT(k53),k38,NOT(k3),k36),AND(NOT(k27),NOT(k38),k3,k53,NOT(k36),k21),AND(k3,NOT(k38),NOT(k21),k27,NOT(k53),k36),AND(NOT(k27),NOT(k36),k53,NOT(k3),k21,NOT(k38)),AND(NOT(k27),k3,NOT(k21),k38,NOT(k53),NOT(k36)),AND(NOT(k38),k21,k27,NOT(k53),NOT(k36),k3),))))))))))))))))))))))))))))))))))))))))))))))))
Completed expression 0
Completed expression 1
Completed expression 2
Completed expression 3
Completed expression 4
Completed expression 5
Completed expression 6
Completed expression 7
Completed expression 8
Completed expression 9
Completed expression 10
Completed expression 11
Completed expression 12
Completed expression 13
Completed expression 14
Completed expression 15
Completed expression 16
Completed expression 17
Completed expression 18
Completed expression 19
Completed expression 20
Completed expression 21
Completed expression 22
Completed expression 23
Completed expression 24
Completed expression 25
Completed expression 26
Completed expression 27
Completed expression 28
Completed expression 29
Completed expression 30
Completed expression 31
Completed expression 32
Completed expression 33
Completed expression 34
Completed expression 35
Completed expression 36
Completed expression 37
Completed expression 38
Completed expression 39
Completed expression 40
Completed expression 41
Completed expression 42
Completed expression 43
Completed expression 44
Completed expression 45
Completed expression 46
Completed expression 47
Completed expression 48
Completed expression 49
Completed expression 50
Completed expression 51
Completed expression 52
Completed expression 53
Completed expression 54
Completed expression 55
Completed expression 56
Completed expression 57
Completed expression 58
Completed expression 59
Completed expression 60
Completed expression 61
Completed expression 62
Completed expression 63
]]></system-out>
  <system-err><![CDATA[]]></system-err>
</testsuite>
